<?xml version="1.0" encoding="UTF-8"?>
<testng-results skipped="2" failed="1" total="3" passed="0">
  <reporter-output>
  </reporter-output>
  <suite name="Default suite" duration-ms="12241" started-at="2021-06-18T10:15:56Z" finished-at="2021-06-18T10:16:08Z">
    <groups>
    </groups>
    <test name="Default test" duration-ms="12241" started-at="2021-06-18T10:15:56Z" finished-at="2021-06-18T10:16:08Z">
      <class name="com.qa.extentReportingDemo.BeautifulReporting">
        <test-method status="PASS" signature="setExtent()[pri:0, instance:com.qa.extentReportingDemo.BeautifulReporting@35bbe5e8]" name="setExtent" is-config="true" duration-ms="187" started-at="2021-06-18T15:45:56Z" finished-at="2021-06-18T15:45:56Z">
          <reporter-output>
          </reporter-output>
        </test-method> <!-- setExtent -->
        <test-method status="PASS" signature="setUp()[pri:0, instance:com.qa.extentReportingDemo.BeautifulReporting@35bbe5e8]" name="setUp" is-config="true" duration-ms="12011" started-at="2021-06-18T15:45:56Z" finished-at="2021-06-18T15:46:08Z">
          <reporter-output>
          </reporter-output>
        </test-method> <!-- setUp -->
        <test-method status="FAIL" signature="noCommerceTitleTest()[pri:0, instance:com.qa.extentReportingDemo.BeautifulReporting@35bbe5e8]" name="noCommerceTitleTest" duration-ms="6" started-at="2021-06-18T15:46:08Z" finished-at="2021-06-18T15:46:08Z">
          <exception class="java.lang.IllegalStateException">
            <message>
              <![CDATA[No reporters were started. Atleast 1 reporter must be started to create tests.]]>
            </message>
            <full-stacktrace>
              <![CDATA[java.lang.IllegalStateException: No reporters were started. Atleast 1 reporter must be started to create tests.
	at com.aventstack.extentreports.Report.createTest(Report.java:69)
	at com.aventstack.extentreports.ExtentReports.createTest(ExtentReports.java:241)
	at com.aventstack.extentreports.ExtentReports.createTest(ExtentReports.java:254)
	at com.qa.extentReportingDemo.BeautifulReporting.noCommerceTitleTest(BeautifulReporting.java:65)
	at sun.reflect.NativeMethodAccessorImpl.invoke0(Native Method)
	at sun.reflect.NativeMethodAccessorImpl.invoke(NativeMethodAccessorImpl.java:62)
	at sun.reflect.DelegatingMethodAccessorImpl.invoke(DelegatingMethodAccessorImpl.java:43)
	at java.lang.reflect.Method.invoke(Method.java:498)
	at org.testng.internal.MethodInvocationHelper.invokeMethod(MethodInvocationHelper.java:80)
	at org.testng.internal.Invoker.invokeMethod(Invoker.java:714)
	at org.testng.internal.Invoker.invokeTestMethod(Invoker.java:901)
	at org.testng.internal.Invoker.invokeTestMethods(Invoker.java:1231)
	at org.testng.internal.TestMethodWorker.invokeTestMethods(TestMethodWorker.java:127)
	at org.testng.internal.TestMethodWorker.run(TestMethodWorker.java:111)
	at org.testng.TestRunner.privateRun(TestRunner.java:767)
	at org.testng.TestRunner.run(TestRunner.java:617)
	at org.testng.SuiteRunner.runTest(SuiteRunner.java:334)
	at org.testng.SuiteRunner.runSequentially(SuiteRunner.java:329)
	at org.testng.SuiteRunner.privateRun(SuiteRunner.java:291)
	at org.testng.SuiteRunner.run(SuiteRunner.java:240)
	at org.testng.SuiteRunnerWorker.runSuite(SuiteRunnerWorker.java:52)
	at org.testng.SuiteRunnerWorker.run(SuiteRunnerWorker.java:86)
	at org.testng.TestNG.runSuitesSequentially(TestNG.java:1198)
	at org.testng.TestNG.runSuitesLocally(TestNG.java:1123)
	at org.testng.TestNG.run(TestNG.java:1031)
	at org.testng.remote.RemoteTestNG.run(RemoteTestNG.java:115)
	at org.testng.remote.RemoteTestNG.initAndRun(RemoteTestNG.java:207)
	at org.testng.remote.RemoteTestNG.main(RemoteTestNG.java:178)
]]>
            </full-stacktrace>
          </exception> <!-- java.lang.IllegalStateException -->
          <reporter-output>
          </reporter-output>
        </test-method> <!-- noCommerceTitleTest -->
        <test-method status="FAIL" signature="tearDown(org.testng.ITestResult)[pri:0, instance:com.qa.extentReportingDemo.BeautifulReporting@35bbe5e8]" name="tearDown" is-config="true" duration-ms="0" started-at="2021-06-18T15:46:08Z" finished-at="2021-06-18T15:46:08Z">
          <params>
            <param index="0">
              <value>
                <![CDATA[[TestResult name=noCommerceTitleTest status=FAILURE method=BeautifulReporting.noCommerceTitleTest()[pri:0, instance:com.qa.extentReportingDemo.BeautifulReporting@35bbe5e8] output={null}]]]>
              </value>
            </param>
          </params>
          <exception class="java.lang.NullPointerException">
            <full-stacktrace>
              <![CDATA[java.lang.NullPointerException
	at com.qa.extentReportingDemo.BeautifulReporting.tearDown(BeautifulReporting.java:89)
	at sun.reflect.NativeMethodAccessorImpl.invoke0(Native Method)
	at sun.reflect.NativeMethodAccessorImpl.invoke(NativeMethodAccessorImpl.java:62)
	at sun.reflect.DelegatingMethodAccessorImpl.invoke(DelegatingMethodAccessorImpl.java:43)
	at java.lang.reflect.Method.invoke(Method.java:498)
	at org.testng.internal.MethodInvocationHelper.invokeMethod(MethodInvocationHelper.java:80)
	at org.testng.internal.Invoker.invokeConfigurationMethod(Invoker.java:564)
	at org.testng.internal.Invoker.invokeConfigurations(Invoker.java:213)
	at org.testng.internal.Invoker.invokeMethod(Invoker.java:786)
	at org.testng.internal.Invoker.invokeTestMethod(Invoker.java:901)
	at org.testng.internal.Invoker.invokeTestMethods(Invoker.java:1231)
	at org.testng.internal.TestMethodWorker.invokeTestMethods(TestMethodWorker.java:127)
	at org.testng.internal.TestMethodWorker.run(TestMethodWorker.java:111)
	at org.testng.TestRunner.privateRun(TestRunner.java:767)
	at org.testng.TestRunner.run(TestRunner.java:617)
	at org.testng.SuiteRunner.runTest(SuiteRunner.java:334)
	at org.testng.SuiteRunner.runSequentially(SuiteRunner.java:329)
	at org.testng.SuiteRunner.privateRun(SuiteRunner.java:291)
	at org.testng.SuiteRunner.run(SuiteRunner.java:240)
	at org.testng.SuiteRunnerWorker.runSuite(SuiteRunnerWorker.java:52)
	at org.testng.SuiteRunnerWorker.run(SuiteRunnerWorker.java:86)
	at org.testng.TestNG.runSuitesSequentially(TestNG.java:1198)
	at org.testng.TestNG.runSuitesLocally(TestNG.java:1123)
	at org.testng.TestNG.run(TestNG.java:1031)
	at org.testng.remote.RemoteTestNG.run(RemoteTestNG.java:115)
	at org.testng.remote.RemoteTestNG.initAndRun(RemoteTestNG.java:207)
	at org.testng.remote.RemoteTestNG.main(RemoteTestNG.java:178)
]]>
            </full-stacktrace>
          </exception> <!-- java.lang.NullPointerException -->
          <reporter-output>
          </reporter-output>
        </test-method> <!-- tearDown -->
        <test-method status="SKIP" signature="setUp()[pri:0, instance:com.qa.extentReportingDemo.BeautifulReporting@35bbe5e8]" name="setUp" is-config="true" duration-ms="0" started-at="2021-06-18T15:46:08Z" finished-at="2021-06-18T15:46:08Z">
          <reporter-output>
          </reporter-output>
        </test-method> <!-- setUp -->
        <test-method status="SKIP" signature="noCommercelLogoTest()[pri:0, instance:com.qa.extentReportingDemo.BeautifulReporting@35bbe5e8]" name="noCommercelLogoTest" duration-ms="1" started-at="2021-06-18T15:46:08Z" finished-at="2021-06-18T15:46:08Z">
          <reporter-output>
          </reporter-output>
        </test-method> <!-- noCommercelLogoTest -->
        <test-method status="SKIP" signature="tearDown(org.testng.ITestResult)[pri:0, instance:com.qa.extentReportingDemo.BeautifulReporting@35bbe5e8]" name="tearDown" is-config="true" duration-ms="0" started-at="2021-06-18T15:46:08Z" finished-at="2021-06-18T15:46:08Z">
          <reporter-output>
          </reporter-output>
        </test-method> <!-- tearDown -->
        <test-method status="SKIP" signature="setUp()[pri:0, instance:com.qa.extentReportingDemo.BeautifulReporting@35bbe5e8]" name="setUp" is-config="true" duration-ms="0" started-at="2021-06-18T15:46:08Z" finished-at="2021-06-18T15:46:08Z">
          <reporter-output>
          </reporter-output>
        </test-method> <!-- setUp -->
        <test-method status="SKIP" signature="noCommercialLoginTest()[pri:0, instance:com.qa.extentReportingDemo.BeautifulReporting@35bbe5e8]" name="noCommercialLoginTest" duration-ms="2" started-at="2021-06-18T15:46:08Z" finished-at="2021-06-18T15:46:08Z">
          <reporter-output>
          </reporter-output>
        </test-method> <!-- noCommercialLoginTest -->
        <test-method status="SKIP" signature="tearDown(org.testng.ITestResult)[pri:0, instance:com.qa.extentReportingDemo.BeautifulReporting@35bbe5e8]" name="tearDown" is-config="true" duration-ms="0" started-at="2021-06-18T15:46:08Z" finished-at="2021-06-18T15:46:08Z">
          <reporter-output>
          </reporter-output>
        </test-method> <!-- tearDown -->
        <test-method status="SKIP" signature="endReport()[pri:0, instance:com.qa.extentReportingDemo.BeautifulReporting@35bbe5e8]" name="endReport" is-config="true" duration-ms="0" started-at="2021-06-18T15:46:08Z" finished-at="2021-06-18T15:46:08Z">
          <reporter-output>
          </reporter-output>
        </test-method> <!-- endReport -->
      </class> <!-- com.qa.extentReportingDemo.BeautifulReporting -->
    </test> <!-- Default test -->
  </suite> <!-- Default suite -->
</testng-results>
